dbug: 2023/4/18 14:29:18.962 CoreEventId.ContextInitialized[10403] (Microsoft.EntityFrameworkCore.Infrastructure) 
      Entity Framework Core 8.0.0-preview.3.23174.2 initialized 'BlogDbContext' using provider 'Microsoft.EntityFrameworkCore.SqlServer:8.0.0-preview.3.23174.2' with options: DetailedErrorsEnabled 
dbug: 2023/4/18 14:29:19.037 CoreEventId.ContextDisposed[10407] (Microsoft.EntityFrameworkCore.Infrastructure) 
      'BlogDbContext' disposed.
dbug: 2023/4/18 14:29:59.160 CoreEventId.ContextInitialized[10403] (Microsoft.EntityFrameworkCore.Infrastructure) 
      Entity Framework Core 8.0.0-preview.3.23174.2 initialized 'BlogDbContext' using provider 'Microsoft.EntityFrameworkCore.SqlServer:8.0.0-preview.3.23174.2' with options: DetailedErrorsEnabled 
dbug: 2023/4/18 14:29:59.168 RelationalEventId.ConnectionCreating[20005] (Microsoft.EntityFrameworkCore.Database.Connection) 
      Creating DbConnection.
dbug: 2023/4/18 14:29:59.178 RelationalEventId.ConnectionCreated[20006] (Microsoft.EntityFrameworkCore.Database.Connection) 
      Created DbConnection. (10ms).
dbug: 2023/4/18 14:29:59.179 RelationalEventId.MigrateUsingConnection[20400] (Microsoft.EntityFrameworkCore.Migrations) 
      Migrating using database '' on server ''.
dbug: 2023/4/18 14:29:59.181 RelationalEventId.ConnectionOpening[20000] (Microsoft.EntityFrameworkCore.Database.Connection) 
      Opening connection to database '' on server ''.
dbug: 2023/4/18 14:29:59.210 RelationalEventId.ConnectionError[20004] (Microsoft.EntityFrameworkCore.Database.Connection) 
      An error occurred using the connection to database '' on server ''.
dbug: 2023/4/18 14:29:59.211 CoreEventId.ContextDisposed[10407] (Microsoft.EntityFrameworkCore.Infrastructure) 
      'BlogDbContext' disposed.
dbug: 2023/4/18 14:29:59.212 RelationalEventId.ConnectionDisposing[20007] (Microsoft.EntityFrameworkCore.Database.Connection) 
      Disposing connection to database '' on server ''.
dbug: 2023/4/18 14:29:59.214 RelationalEventId.ConnectionDisposed[20008] (Microsoft.EntityFrameworkCore.Database.Connection) 
      Disposed connection to database '' on server '' (0ms).
dbug: 2023/4/18 14:31:08.831 CoreEventId.ContextInitialized[10403] (Microsoft.EntityFrameworkCore.Infrastructure) 
      Entity Framework Core 8.0.0-preview.3.23174.2 initialized 'BlogDbContext' using provider 'Microsoft.EntityFrameworkCore.SqlServer:8.0.0-preview.3.23174.2' with options: DetailedErrorsEnabled 
dbug: 2023/4/18 14:31:08.873 RelationalEventId.ConnectionCreating[20005] (Microsoft.EntityFrameworkCore.Database.Connection) 
      Creating DbConnection.
dbug: 2023/4/18 14:31:08.888 RelationalEventId.ConnectionCreated[20006] (Microsoft.EntityFrameworkCore.Database.Connection) 
      Created DbConnection. (15ms).
dbug: 2023/4/18 14:31:08.889 RelationalEventId.ConnectionOpening[20000] (Microsoft.EntityFrameworkCore.Database.Connection) 
      Opening connection to database 'master' on server '127.0.0.1,1433'.
dbug: 2023/4/18 14:31:23.558 RelationalEventId.ConnectionError[20004] (Microsoft.EntityFrameworkCore.Database.Connection) 
      An error occurred using the connection to database 'master' on server '127.0.0.1,1433'.
dbug: 2023/4/18 14:31:23.563 CoreEventId.ContextDisposed[10407] (Microsoft.EntityFrameworkCore.Infrastructure) 
      'BlogDbContext' disposed.
dbug: 2023/4/18 14:31:23.565 RelationalEventId.ConnectionDisposing[20007] (Microsoft.EntityFrameworkCore.Database.Connection) 
      Disposing connection to database 'master' on server '127.0.0.1,1433'.
dbug: 2023/4/18 14:31:23.568 RelationalEventId.ConnectionDisposed[20008] (Microsoft.EntityFrameworkCore.Database.Connection) 
      Disposed connection to database '' on server '' (0ms).
dbug: 2023/4/18 14:35:34.342 CoreEventId.ContextInitialized[10403] (Microsoft.EntityFrameworkCore.Infrastructure) 
      Entity Framework Core 8.0.0-preview.3.23174.2 initialized 'BlogDbContext' using provider 'Microsoft.EntityFrameworkCore.SqlServer:8.0.0-preview.3.23174.2' with options: DetailedErrorsEnabled 
dbug: 2023/4/18 14:35:34.349 RelationalEventId.ConnectionCreating[20005] (Microsoft.EntityFrameworkCore.Database.Connection) 
      Creating DbConnection.
dbug: 2023/4/18 14:35:34.367 RelationalEventId.ConnectionCreated[20006] (Microsoft.EntityFrameworkCore.Database.Connection) 
      Created DbConnection. (18ms).
dbug: 2023/4/18 14:35:34.368 RelationalEventId.MigrateUsingConnection[20400] (Microsoft.EntityFrameworkCore.Migrations) 
      Migrating using database 'master' on server '127.0.0.1,1433'.
dbug: 2023/4/18 14:35:34.370 RelationalEventId.ConnectionOpening[20000] (Microsoft.EntityFrameworkCore.Database.Connection) 
      Opening connection to database 'master' on server '127.0.0.1,1433'.
dbug: 2023/4/18 14:35:49.008 RelationalEventId.ConnectionError[20004] (Microsoft.EntityFrameworkCore.Database.Connection) 
      An error occurred using the connection to database 'master' on server '127.0.0.1,1433'.
dbug: 2023/4/18 14:35:49.012 CoreEventId.ContextDisposed[10407] (Microsoft.EntityFrameworkCore.Infrastructure) 
      'BlogDbContext' disposed.
dbug: 2023/4/18 14:35:49.014 RelationalEventId.ConnectionDisposing[20007] (Microsoft.EntityFrameworkCore.Database.Connection) 
      Disposing connection to database 'master' on server '127.0.0.1,1433'.
dbug: 2023/4/18 14:35:49.017 RelationalEventId.ConnectionDisposed[20008] (Microsoft.EntityFrameworkCore.Database.Connection) 
      Disposed connection to database '' on server '' (0ms).
dbug: 2023/4/18 14:43:36.122 CoreEventId.ContextInitialized[10403] (Microsoft.EntityFrameworkCore.Infrastructure) 
      Entity Framework Core 8.0.0-preview.3.23174.2 initialized 'BlogDbContext' using provider 'Microsoft.EntityFrameworkCore.SqlServer:8.0.0-preview.3.23174.2' with options: DetailedErrorsEnabled 
dbug: 2023/4/18 14:43:36.162 RelationalEventId.ConnectionCreating[20005] (Microsoft.EntityFrameworkCore.Database.Connection) 
      Creating DbConnection.
dbug: 2023/4/18 14:43:36.177 RelationalEventId.ConnectionCreated[20006] (Microsoft.EntityFrameworkCore.Database.Connection) 
      Created DbConnection. (14ms).
dbug: 2023/4/18 14:43:36.178 RelationalEventId.ConnectionOpening[20000] (Microsoft.EntityFrameworkCore.Database.Connection) 
      Opening connection to database 'master' on server '127.0.0.1,8000'.
dbug: 2023/4/18 14:43:36.233 RelationalEventId.ConnectionError[20004] (Microsoft.EntityFrameworkCore.Database.Connection) 
      An error occurred using the connection to database 'master' on server '127.0.0.1,8000'.
dbug: 2023/4/18 14:43:36.235 CoreEventId.ContextDisposed[10407] (Microsoft.EntityFrameworkCore.Infrastructure) 
      'BlogDbContext' disposed.
dbug: 2023/4/18 14:43:36.236 RelationalEventId.ConnectionDisposing[20007] (Microsoft.EntityFrameworkCore.Database.Connection) 
      Disposing connection to database 'master' on server '127.0.0.1,8000'.
dbug: 2023/4/18 14:43:36.237 RelationalEventId.ConnectionDisposed[20008] (Microsoft.EntityFrameworkCore.Database.Connection) 
      Disposed connection to database '' on server '' (0ms).
dbug: 2023/4/18 14:45:11.317 CoreEventId.ContextInitialized[10403] (Microsoft.EntityFrameworkCore.Infrastructure) 
      Entity Framework Core 8.0.0-preview.3.23174.2 initialized 'BlogDbContext' using provider 'Microsoft.EntityFrameworkCore.SqlServer:8.0.0-preview.3.23174.2' with options: DetailedErrorsEnabled 
dbug: 2023/4/18 14:45:11.356 RelationalEventId.ConnectionCreating[20005] (Microsoft.EntityFrameworkCore.Database.Connection) 
      Creating DbConnection.
dbug: 2023/4/18 14:45:11.371 RelationalEventId.ConnectionCreated[20006] (Microsoft.EntityFrameworkCore.Database.Connection) 
      Created DbConnection. (15ms).
dbug: 2023/4/18 14:45:11.372 RelationalEventId.ConnectionOpening[20000] (Microsoft.EntityFrameworkCore.Database.Connection) 
      Opening connection to database 'master' on server '127.0.0.1,8000'.
dbug: 2023/4/18 14:45:11.427 RelationalEventId.ConnectionError[20004] (Microsoft.EntityFrameworkCore.Database.Connection) 
      An error occurred using the connection to database 'master' on server '127.0.0.1,8000'.
dbug: 2023/4/18 14:45:11.429 CoreEventId.ContextDisposed[10407] (Microsoft.EntityFrameworkCore.Infrastructure) 
      'BlogDbContext' disposed.
dbug: 2023/4/18 14:45:11.430 RelationalEventId.ConnectionDisposing[20007] (Microsoft.EntityFrameworkCore.Database.Connection) 
      Disposing connection to database 'master' on server '127.0.0.1,8000'.
dbug: 2023/4/18 14:45:11.431 RelationalEventId.ConnectionDisposed[20008] (Microsoft.EntityFrameworkCore.Database.Connection) 
      Disposed connection to database '' on server '' (0ms).
dbug: 2023/4/18 14:48:21.439 CoreEventId.ContextInitialized[10403] (Microsoft.EntityFrameworkCore.Infrastructure) 
      Entity Framework Core 8.0.0-preview.3.23174.2 initialized 'BlogDbContext' using provider 'Microsoft.EntityFrameworkCore.SqlServer:8.0.0-preview.3.23174.2' with options: DetailedErrorsEnabled 
dbug: 2023/4/18 14:48:21.479 RelationalEventId.ConnectionCreating[20005] (Microsoft.EntityFrameworkCore.Database.Connection) 
      Creating DbConnection.
dbug: 2023/4/18 14:48:21.494 RelationalEventId.ConnectionCreated[20006] (Microsoft.EntityFrameworkCore.Database.Connection) 
      Created DbConnection. (15ms).
dbug: 2023/4/18 14:48:21.495 RelationalEventId.ConnectionOpening[20000] (Microsoft.EntityFrameworkCore.Database.Connection) 
      Opening connection to database 'master' on server '127.0.0.1,8000'.
dbug: 2023/4/18 14:48:21.553 RelationalEventId.ConnectionError[20004] (Microsoft.EntityFrameworkCore.Database.Connection) 
      An error occurred using the connection to database 'master' on server '127.0.0.1,8000'.
dbug: 2023/4/18 14:48:21.555 CoreEventId.ContextDisposed[10407] (Microsoft.EntityFrameworkCore.Infrastructure) 
      'BlogDbContext' disposed.
dbug: 2023/4/18 14:48:21.556 RelationalEventId.ConnectionDisposing[20007] (Microsoft.EntityFrameworkCore.Database.Connection) 
      Disposing connection to database 'master' on server '127.0.0.1,8000'.
dbug: 2023/4/18 14:48:21.557 RelationalEventId.ConnectionDisposed[20008] (Microsoft.EntityFrameworkCore.Database.Connection) 
      Disposed connection to database '' on server '' (0ms).
dbug: 2023/4/18 14:49:32.098 CoreEventId.ContextInitialized[10403] (Microsoft.EntityFrameworkCore.Infrastructure) 
      Entity Framework Core 8.0.0-preview.3.23174.2 initialized 'BlogDbContext' using provider 'Microsoft.EntityFrameworkCore.SqlServer:8.0.0-preview.3.23174.2' with options: DetailedErrorsEnabled 
dbug: 2023/4/18 14:49:32.140 RelationalEventId.ConnectionCreating[20005] (Microsoft.EntityFrameworkCore.Database.Connection) 
      Creating DbConnection.
dbug: 2023/4/18 14:49:32.155 RelationalEventId.ConnectionCreated[20006] (Microsoft.EntityFrameworkCore.Database.Connection) 
      Created DbConnection. (15ms).
dbug: 2023/4/18 14:49:32.157 RelationalEventId.ConnectionOpening[20000] (Microsoft.EntityFrameworkCore.Database.Connection) 
      Opening connection to database 'master' on server '127.0.0.1,8000'.
dbug: 2023/4/18 14:49:32.213 RelationalEventId.ConnectionError[20004] (Microsoft.EntityFrameworkCore.Database.Connection) 
      An error occurred using the connection to database 'master' on server '127.0.0.1,8000'.
dbug: 2023/4/18 14:49:32.214 CoreEventId.ContextDisposed[10407] (Microsoft.EntityFrameworkCore.Infrastructure) 
      'BlogDbContext' disposed.
dbug: 2023/4/18 14:49:32.215 RelationalEventId.ConnectionDisposing[20007] (Microsoft.EntityFrameworkCore.Database.Connection) 
      Disposing connection to database 'master' on server '127.0.0.1,8000'.
dbug: 2023/4/18 14:49:32.217 RelationalEventId.ConnectionDisposed[20008] (Microsoft.EntityFrameworkCore.Database.Connection) 
      Disposed connection to database '' on server '' (0ms).
dbug: 2023/4/18 14:49:52.206 CoreEventId.ContextInitialized[10403] (Microsoft.EntityFrameworkCore.Infrastructure) 
      Entity Framework Core 8.0.0-preview.3.23174.2 initialized 'BlogDbContext' using provider 'Microsoft.EntityFrameworkCore.SqlServer:8.0.0-preview.3.23174.2' with options: DetailedErrorsEnabled 
dbug: 2023/4/18 14:49:52.245 RelationalEventId.ConnectionCreating[20005] (Microsoft.EntityFrameworkCore.Database.Connection) 
      Creating DbConnection.
dbug: 2023/4/18 14:49:52.260 RelationalEventId.ConnectionCreated[20006] (Microsoft.EntityFrameworkCore.Database.Connection) 
      Created DbConnection. (15ms).
dbug: 2023/4/18 14:49:52.262 RelationalEventId.ConnectionOpening[20000] (Microsoft.EntityFrameworkCore.Database.Connection) 
      Opening connection to database 'master' on server '127.0.0.1,1433'.
dbug: 2023/4/18 14:50:06.918 RelationalEventId.ConnectionError[20004] (Microsoft.EntityFrameworkCore.Database.Connection) 
      An error occurred using the connection to database 'master' on server '127.0.0.1,1433'.
dbug: 2023/4/18 14:50:06.922 CoreEventId.ContextDisposed[10407] (Microsoft.EntityFrameworkCore.Infrastructure) 
      'BlogDbContext' disposed.
dbug: 2023/4/18 14:50:06.924 RelationalEventId.ConnectionDisposing[20007] (Microsoft.EntityFrameworkCore.Database.Connection) 
      Disposing connection to database 'master' on server '127.0.0.1,1433'.
dbug: 2023/4/18 14:50:06.926 RelationalEventId.ConnectionDisposed[20008] (Microsoft.EntityFrameworkCore.Database.Connection) 
      Disposed connection to database '' on server '' (0ms).
dbug: 2023/4/18 14:51:21.709 CoreEventId.ContextInitialized[10403] (Microsoft.EntityFrameworkCore.Infrastructure) 
      Entity Framework Core 8.0.0-preview.3.23174.2 initialized 'BlogDbContext' using provider 'Microsoft.EntityFrameworkCore.SqlServer:8.0.0-preview.3.23174.2' with options: DetailedErrorsEnabled 
dbug: 2023/4/18 14:51:21.771 CoreEventId.ContextDisposed[10407] (Microsoft.EntityFrameworkCore.Infrastructure) 
      'BlogDbContext' disposed.
dbug: 2023/4/18 14:51:38.703 CoreEventId.ContextInitialized[10403] (Microsoft.EntityFrameworkCore.Infrastructure) 
      Entity Framework Core 8.0.0-preview.3.23174.2 initialized 'BlogDbContext' using provider 'Microsoft.EntityFrameworkCore.SqlServer:8.0.0-preview.3.23174.2' with options: DetailedErrorsEnabled 
dbug: 2023/4/18 14:51:38.743 RelationalEventId.ConnectionCreating[20005] (Microsoft.EntityFrameworkCore.Database.Connection) 
      Creating DbConnection.
dbug: 2023/4/18 14:51:38.758 RelationalEventId.ConnectionCreated[20006] (Microsoft.EntityFrameworkCore.Database.Connection) 
      Created DbConnection. (15ms).
dbug: 2023/4/18 14:51:38.760 RelationalEventId.ConnectionOpening[20000] (Microsoft.EntityFrameworkCore.Database.Connection) 
      Opening connection to database 'master' on server '127.0.0.1,8000'.
dbug: 2023/4/18 14:51:38.815 RelationalEventId.ConnectionError[20004] (Microsoft.EntityFrameworkCore.Database.Connection) 
      An error occurred using the connection to database 'master' on server '127.0.0.1,8000'.
dbug: 2023/4/18 14:51:38.817 CoreEventId.ContextDisposed[10407] (Microsoft.EntityFrameworkCore.Infrastructure) 
      'BlogDbContext' disposed.
dbug: 2023/4/18 14:51:38.818 RelationalEventId.ConnectionDisposing[20007] (Microsoft.EntityFrameworkCore.Database.Connection) 
      Disposing connection to database 'master' on server '127.0.0.1,8000'.
dbug: 2023/4/18 14:51:38.819 RelationalEventId.ConnectionDisposed[20008] (Microsoft.EntityFrameworkCore.Database.Connection) 
      Disposed connection to database '' on server '' (0ms).
dbug: 2023/4/18 15:06:40.719 CoreEventId.ContextInitialized[10403] (Microsoft.EntityFrameworkCore.Infrastructure) 
      Entity Framework Core 8.0.0-preview.3.23174.2 initialized 'BlogDbContext' using provider 'Microsoft.EntityFrameworkCore.SqlServer:8.0.0-preview.3.23174.2' with options: DetailedErrorsEnabled 
dbug: 2023/4/18 15:06:40.759 RelationalEventId.ConnectionCreating[20005] (Microsoft.EntityFrameworkCore.Database.Connection) 
      Creating DbConnection.
dbug: 2023/4/18 15:06:40.774 RelationalEventId.ConnectionCreated[20006] (Microsoft.EntityFrameworkCore.Database.Connection) 
      Created DbConnection. (14ms).
dbug: 2023/4/18 15:06:40.776 RelationalEventId.ConnectionOpening[20000] (Microsoft.EntityFrameworkCore.Database.Connection) 
      Opening connection to database 'master' on server '127.0.0.1,1433'.
dbug: 2023/4/18 15:06:40.878 RelationalEventId.ConnectionOpened[20001] (Microsoft.EntityFrameworkCore.Database.Connection) 
      Opened connection to database 'master' on server '127.0.0.1,1433'.
dbug: 2023/4/18 15:06:40.880 RelationalEventId.CommandCreating[20103] (Microsoft.EntityFrameworkCore.Database.Command) 
      Creating DbCommand for 'ExecuteNonQuery'.
dbug: 2023/4/18 15:06:40.882 RelationalEventId.CommandCreated[20104] (Microsoft.EntityFrameworkCore.Database.Command) 
      Created DbCommand for 'ExecuteNonQuery' (1ms).
dbug: 2023/4/18 15:06:40.883 RelationalEventId.CommandInitialized[20106] (Microsoft.EntityFrameworkCore.Database.Command) 
      Initialized DbCommand for 'ExecuteNonQuery' (3ms).
dbug: 2023/4/18 15:06:40.885 RelationalEventId.CommandExecuting[20100] (Microsoft.EntityFrameworkCore.Database.Command) 
      Executing DbCommand [Parameters=[], CommandType='Text', CommandTimeout='30']
      SELECT 1
info: 2023/4/18 15:06:40.901 RelationalEventId.CommandExecuted[20101] (Microsoft.EntityFrameworkCore.Database.Command) 
      Executed DbCommand (17ms) [Parameters=[], CommandType='Text', CommandTimeout='30']
      SELECT 1
dbug: 2023/4/18 15:06:40.902 RelationalEventId.ConnectionClosing[20002] (Microsoft.EntityFrameworkCore.Database.Connection) 
      Closing connection to database 'master' on server '127.0.0.1,1433'.
dbug: 2023/4/18 15:06:40.904 RelationalEventId.ConnectionClosed[20003] (Microsoft.EntityFrameworkCore.Database.Connection) 
      Closed connection to database 'master' on server '127.0.0.1,1433' (1ms).
dbug: 2023/4/18 15:06:40.905 RelationalEventId.CommandCreating[20103] (Microsoft.EntityFrameworkCore.Database.Command) 
      Creating DbCommand for 'ExecuteScalar'.
dbug: 2023/4/18 15:06:40.905 RelationalEventId.CommandCreated[20104] (Microsoft.EntityFrameworkCore.Database.Command) 
      Created DbCommand for 'ExecuteScalar' (0ms).
dbug: 2023/4/18 15:06:40.905 RelationalEventId.CommandInitialized[20106] (Microsoft.EntityFrameworkCore.Database.Command) 
      Initialized DbCommand for 'ExecuteScalar' (0ms).
dbug: 2023/4/18 15:06:40.905 RelationalEventId.ConnectionOpening[20000] (Microsoft.EntityFrameworkCore.Database.Connection) 
      Opening connection to database 'master' on server '127.0.0.1,1433'.
dbug: 2023/4/18 15:06:40.906 RelationalEventId.ConnectionOpened[20001] (Microsoft.EntityFrameworkCore.Database.Connection) 
      Opened connection to database 'master' on server '127.0.0.1,1433'.
dbug: 2023/4/18 15:06:40.906 RelationalEventId.CommandExecuting[20100] (Microsoft.EntityFrameworkCore.Database.Command) 
      Executing DbCommand [Parameters=[], CommandType='Text', CommandTimeout='30']
      SELECT OBJECT_ID(N'[__EFMigrationsHistory]');
info: 2023/4/18 15:06:40.916 RelationalEventId.CommandExecuted[20101] (Microsoft.EntityFrameworkCore.Database.Command) 
      Executed DbCommand (10ms) [Parameters=[], CommandType='Text', CommandTimeout='30']
      SELECT OBJECT_ID(N'[__EFMigrationsHistory]');
dbug: 2023/4/18 15:06:40.916 RelationalEventId.ConnectionClosing[20002] (Microsoft.EntityFrameworkCore.Database.Connection) 
      Closing connection to database 'master' on server '127.0.0.1,1433'.
dbug: 2023/4/18 15:06:40.916 RelationalEventId.ConnectionClosed[20003] (Microsoft.EntityFrameworkCore.Database.Connection) 
      Closed connection to database 'master' on server '127.0.0.1,1433' (0ms).
dbug: 2023/4/18 15:06:40.936 CoreEventId.ContextDisposed[10407] (Microsoft.EntityFrameworkCore.Infrastructure) 
      'BlogDbContext' disposed.
dbug: 2023/4/18 15:06:40.937 RelationalEventId.ConnectionDisposing[20007] (Microsoft.EntityFrameworkCore.Database.Connection) 
      Disposing connection to database 'master' on server '127.0.0.1,1433'.
dbug: 2023/4/18 15:06:40.937 RelationalEventId.ConnectionDisposed[20008] (Microsoft.EntityFrameworkCore.Database.Connection) 
      Disposed connection to database '' on server '' (0ms).
dbug: 2023/4/18 15:06:52.884 CoreEventId.ContextInitialized[10403] (Microsoft.EntityFrameworkCore.Infrastructure) 
      Entity Framework Core 8.0.0-preview.3.23174.2 initialized 'BlogDbContext' using provider 'Microsoft.EntityFrameworkCore.SqlServer:8.0.0-preview.3.23174.2' with options: DetailedErrorsEnabled 
dbug: 2023/4/18 15:06:52.892 RelationalEventId.ConnectionCreating[20005] (Microsoft.EntityFrameworkCore.Database.Connection) 
      Creating DbConnection.
dbug: 2023/4/18 15:06:52.912 RelationalEventId.ConnectionCreated[20006] (Microsoft.EntityFrameworkCore.Database.Connection) 
      Created DbConnection. (19ms).
dbug: 2023/4/18 15:06:52.912 RelationalEventId.MigrateUsingConnection[20400] (Microsoft.EntityFrameworkCore.Migrations) 
      Migrating using database 'master' on server '127.0.0.1,1433'.
dbug: 2023/4/18 15:06:52.914 RelationalEventId.ConnectionOpening[20000] (Microsoft.EntityFrameworkCore.Database.Connection) 
      Opening connection to database 'master' on server '127.0.0.1,1433'.
dbug: 2023/4/18 15:06:53.021 RelationalEventId.ConnectionOpened[20001] (Microsoft.EntityFrameworkCore.Database.Connection) 
      Opened connection to database 'master' on server '127.0.0.1,1433'.
dbug: 2023/4/18 15:06:53.023 RelationalEventId.CommandCreating[20103] (Microsoft.EntityFrameworkCore.Database.Command) 
      Creating DbCommand for 'ExecuteNonQuery'.
dbug: 2023/4/18 15:06:53.025 RelationalEventId.CommandCreated[20104] (Microsoft.EntityFrameworkCore.Database.Command) 
      Created DbCommand for 'ExecuteNonQuery' (1ms).
dbug: 2023/4/18 15:06:53.026 RelationalEventId.CommandInitialized[20106] (Microsoft.EntityFrameworkCore.Database.Command) 
      Initialized DbCommand for 'ExecuteNonQuery' (3ms).
dbug: 2023/4/18 15:06:53.028 RelationalEventId.CommandExecuting[20100] (Microsoft.EntityFrameworkCore.Database.Command) 
      Executing DbCommand [Parameters=[], CommandType='Text', CommandTimeout='30']
      SELECT 1
info: 2023/4/18 15:06:53.041 RelationalEventId.CommandExecuted[20101] (Microsoft.EntityFrameworkCore.Database.Command) 
      Executed DbCommand (14ms) [Parameters=[], CommandType='Text', CommandTimeout='30']
      SELECT 1
dbug: 2023/4/18 15:06:53.042 RelationalEventId.ConnectionClosing[20002] (Microsoft.EntityFrameworkCore.Database.Connection) 
      Closing connection to database 'master' on server '127.0.0.1,1433'.
dbug: 2023/4/18 15:06:53.045 RelationalEventId.ConnectionClosed[20003] (Microsoft.EntityFrameworkCore.Database.Connection) 
      Closed connection to database 'master' on server '127.0.0.1,1433' (1ms).
dbug: 2023/4/18 15:06:53.046 RelationalEventId.CommandCreating[20103] (Microsoft.EntityFrameworkCore.Database.Command) 
      Creating DbCommand for 'ExecuteScalar'.
dbug: 2023/4/18 15:06:53.046 RelationalEventId.CommandCreated[20104] (Microsoft.EntityFrameworkCore.Database.Command) 
      Created DbCommand for 'ExecuteScalar' (0ms).
dbug: 2023/4/18 15:06:53.046 RelationalEventId.CommandInitialized[20106] (Microsoft.EntityFrameworkCore.Database.Command) 
      Initialized DbCommand for 'ExecuteScalar' (0ms).
dbug: 2023/4/18 15:06:53.046 RelationalEventId.ConnectionOpening[20000] (Microsoft.EntityFrameworkCore.Database.Connection) 
      Opening connection to database 'master' on server '127.0.0.1,1433'.
dbug: 2023/4/18 15:06:53.046 RelationalEventId.ConnectionOpened[20001] (Microsoft.EntityFrameworkCore.Database.Connection) 
      Opened connection to database 'master' on server '127.0.0.1,1433'.
dbug: 2023/4/18 15:06:53.046 RelationalEventId.CommandExecuting[20100] (Microsoft.EntityFrameworkCore.Database.Command) 
      Executing DbCommand [Parameters=[], CommandType='Text', CommandTimeout='30']
      SELECT OBJECT_ID(N'[__EFMigrationsHistory]');
info: 2023/4/18 15:06:53.056 RelationalEventId.CommandExecuted[20101] (Microsoft.EntityFrameworkCore.Database.Command) 
      Executed DbCommand (9ms) [Parameters=[], CommandType='Text', CommandTimeout='30']
      SELECT OBJECT_ID(N'[__EFMigrationsHistory]');
dbug: 2023/4/18 15:06:53.056 RelationalEventId.ConnectionClosing[20002] (Microsoft.EntityFrameworkCore.Database.Connection) 
      Closing connection to database 'master' on server '127.0.0.1,1433'.
dbug: 2023/4/18 15:06:53.056 RelationalEventId.ConnectionClosed[20003] (Microsoft.EntityFrameworkCore.Database.Connection) 
      Closed connection to database 'master' on server '127.0.0.1,1433' (0ms).
dbug: 2023/4/18 15:06:53.056 RelationalEventId.ConnectionOpening[20000] (Microsoft.EntityFrameworkCore.Database.Connection) 
      Opening connection to database 'master' on server '127.0.0.1,1433'.
dbug: 2023/4/18 15:06:53.056 RelationalEventId.ConnectionOpened[20001] (Microsoft.EntityFrameworkCore.Database.Connection) 
      Opened connection to database 'master' on server '127.0.0.1,1433'.
dbug: 2023/4/18 15:06:53.056 RelationalEventId.CommandCreating[20103] (Microsoft.EntityFrameworkCore.Database.Command) 
      Creating DbCommand for 'ExecuteNonQuery'.
dbug: 2023/4/18 15:06:53.056 RelationalEventId.CommandCreated[20104] (Microsoft.EntityFrameworkCore.Database.Command) 
      Created DbCommand for 'ExecuteNonQuery' (0ms).
dbug: 2023/4/18 15:06:53.056 RelationalEventId.CommandInitialized[20106] (Microsoft.EntityFrameworkCore.Database.Command) 
      Initialized DbCommand for 'ExecuteNonQuery' (0ms).
dbug: 2023/4/18 15:06:53.056 RelationalEventId.CommandExecuting[20100] (Microsoft.EntityFrameworkCore.Database.Command) 
      Executing DbCommand [Parameters=[], CommandType='Text', CommandTimeout='30']
      SELECT 1
info: 2023/4/18 15:06:53.061 RelationalEventId.CommandExecuted[20101] (Microsoft.EntityFrameworkCore.Database.Command) 
      Executed DbCommand (5ms) [Parameters=[], CommandType='Text', CommandTimeout='30']
      SELECT 1
dbug: 2023/4/18 15:06:53.061 RelationalEventId.ConnectionClosing[20002] (Microsoft.EntityFrameworkCore.Database.Connection) 
      Closing connection to database 'master' on server '127.0.0.1,1433'.
dbug: 2023/4/18 15:06:53.061 RelationalEventId.ConnectionClosed[20003] (Microsoft.EntityFrameworkCore.Database.Connection) 
      Closed connection to database 'master' on server '127.0.0.1,1433' (0ms).
dbug: 2023/4/18 15:06:53.089 RelationalEventId.CommandCreating[20103] (Microsoft.EntityFrameworkCore.Database.Command) 
      Creating DbCommand for 'ExecuteNonQuery'.
dbug: 2023/4/18 15:06:53.089 RelationalEventId.CommandCreated[20104] (Microsoft.EntityFrameworkCore.Database.Command) 
      Created DbCommand for 'ExecuteNonQuery' (0ms).
dbug: 2023/4/18 15:06:53.089 RelationalEventId.CommandInitialized[20106] (Microsoft.EntityFrameworkCore.Database.Command) 
      Initialized DbCommand for 'ExecuteNonQuery' (0ms).
dbug: 2023/4/18 15:06:53.089 RelationalEventId.ConnectionOpening[20000] (Microsoft.EntityFrameworkCore.Database.Connection) 
      Opening connection to database 'master' on server '127.0.0.1,1433'.
dbug: 2023/4/18 15:06:53.089 RelationalEventId.ConnectionOpened[20001] (Microsoft.EntityFrameworkCore.Database.Connection) 
      Opened connection to database 'master' on server '127.0.0.1,1433'.
dbug: 2023/4/18 15:06:53.089 RelationalEventId.CommandExecuting[20100] (Microsoft.EntityFrameworkCore.Database.Command) 
      Executing DbCommand [Parameters=[], CommandType='Text', CommandTimeout='30']
      CREATE TABLE [__EFMigrationsHistory] (
          [MigrationId] nvarchar(150) NOT NULL,
          [ProductVersion] nvarchar(32) NOT NULL,
          CONSTRAINT [PK___EFMigrationsHistory] PRIMARY KEY ([MigrationId])
      );
info: 2023/4/18 15:06:53.105 RelationalEventId.CommandExecuted[20101] (Microsoft.EntityFrameworkCore.Database.Command) 
      Executed DbCommand (16ms) [Parameters=[], CommandType='Text', CommandTimeout='30']
      CREATE TABLE [__EFMigrationsHistory] (
          [MigrationId] nvarchar(150) NOT NULL,
          [ProductVersion] nvarchar(32) NOT NULL,
          CONSTRAINT [PK___EFMigrationsHistory] PRIMARY KEY ([MigrationId])
      );
dbug: 2023/4/18 15:06:53.105 RelationalEventId.ConnectionClosing[20002] (Microsoft.EntityFrameworkCore.Database.Connection) 
      Closing connection to database 'master' on server '127.0.0.1,1433'.
dbug: 2023/4/18 15:06:53.105 RelationalEventId.ConnectionClosed[20003] (Microsoft.EntityFrameworkCore.Database.Connection) 
      Closed connection to database 'master' on server '127.0.0.1,1433' (0ms).
dbug: 2023/4/18 15:06:53.105 RelationalEventId.ConnectionOpening[20000] (Microsoft.EntityFrameworkCore.Database.Connection) 
      Opening connection to database 'master' on server '127.0.0.1,1433'.
dbug: 2023/4/18 15:06:53.105 RelationalEventId.ConnectionOpened[20001] (Microsoft.EntityFrameworkCore.Database.Connection) 
      Opened connection to database 'master' on server '127.0.0.1,1433'.
dbug: 2023/4/18 15:06:53.105 RelationalEventId.CommandCreating[20103] (Microsoft.EntityFrameworkCore.Database.Command) 
      Creating DbCommand for 'ExecuteNonQuery'.
dbug: 2023/4/18 15:06:53.105 RelationalEventId.CommandCreated[20104] (Microsoft.EntityFrameworkCore.Database.Command) 
      Created DbCommand for 'ExecuteNonQuery' (0ms).
dbug: 2023/4/18 15:06:53.105 RelationalEventId.CommandInitialized[20106] (Microsoft.EntityFrameworkCore.Database.Command) 
      Initialized DbCommand for 'ExecuteNonQuery' (0ms).
dbug: 2023/4/18 15:06:53.105 RelationalEventId.CommandExecuting[20100] (Microsoft.EntityFrameworkCore.Database.Command) 
      Executing DbCommand [Parameters=[], CommandType='Text', CommandTimeout='30']
      SELECT 1
info: 2023/4/18 15:06:53.111 RelationalEventId.CommandExecuted[20101] (Microsoft.EntityFrameworkCore.Database.Command) 
      Executed DbCommand (5ms) [Parameters=[], CommandType='Text', CommandTimeout='30']
      SELECT 1
dbug: 2023/4/18 15:06:53.111 RelationalEventId.ConnectionClosing[20002] (Microsoft.EntityFrameworkCore.Database.Connection) 
      Closing connection to database 'master' on server '127.0.0.1,1433'.
dbug: 2023/4/18 15:06:53.111 RelationalEventId.ConnectionClosed[20003] (Microsoft.EntityFrameworkCore.Database.Connection) 
      Closed connection to database 'master' on server '127.0.0.1,1433' (0ms).
dbug: 2023/4/18 15:06:53.111 RelationalEventId.CommandCreating[20103] (Microsoft.EntityFrameworkCore.Database.Command) 
      Creating DbCommand for 'ExecuteScalar'.
dbug: 2023/4/18 15:06:53.111 RelationalEventId.CommandCreated[20104] (Microsoft.EntityFrameworkCore.Database.Command) 
      Created DbCommand for 'ExecuteScalar' (0ms).
dbug: 2023/4/18 15:06:53.111 RelationalEventId.CommandInitialized[20106] (Microsoft.EntityFrameworkCore.Database.Command) 
      Initialized DbCommand for 'ExecuteScalar' (0ms).
dbug: 2023/4/18 15:06:53.111 RelationalEventId.ConnectionOpening[20000] (Microsoft.EntityFrameworkCore.Database.Connection) 
      Opening connection to database 'master' on server '127.0.0.1,1433'.
dbug: 2023/4/18 15:06:53.111 RelationalEventId.ConnectionOpened[20001] (Microsoft.EntityFrameworkCore.Database.Connection) 
      Opened connection to database 'master' on server '127.0.0.1,1433'.
dbug: 2023/4/18 15:06:53.111 RelationalEventId.CommandExecuting[20100] (Microsoft.EntityFrameworkCore.Database.Command) 
      Executing DbCommand [Parameters=[], CommandType='Text', CommandTimeout='30']
      SELECT OBJECT_ID(N'[__EFMigrationsHistory]');
info: 2023/4/18 15:06:53.114 RelationalEventId.CommandExecuted[20101] (Microsoft.EntityFrameworkCore.Database.Command) 
      Executed DbCommand (3ms) [Parameters=[], CommandType='Text', CommandTimeout='30']
      SELECT OBJECT_ID(N'[__EFMigrationsHistory]');
dbug: 2023/4/18 15:06:53.114 RelationalEventId.ConnectionClosing[20002] (Microsoft.EntityFrameworkCore.Database.Connection) 
      Closing connection to database 'master' on server '127.0.0.1,1433'.
dbug: 2023/4/18 15:06:53.114 RelationalEventId.ConnectionClosed[20003] (Microsoft.EntityFrameworkCore.Database.Connection) 
      Closed connection to database 'master' on server '127.0.0.1,1433' (0ms).
dbug: 2023/4/18 15:06:53.115 RelationalEventId.CommandCreating[20103] (Microsoft.EntityFrameworkCore.Database.Command) 
      Creating DbCommand for 'ExecuteReader'.
dbug: 2023/4/18 15:06:53.115 RelationalEventId.CommandCreated[20104] (Microsoft.EntityFrameworkCore.Database.Command) 
      Created DbCommand for 'ExecuteReader' (0ms).
dbug: 2023/4/18 15:06:53.115 RelationalEventId.CommandInitialized[20106] (Microsoft.EntityFrameworkCore.Database.Command) 
      Initialized DbCommand for 'ExecuteReader' (0ms).
dbug: 2023/4/18 15:06:53.115 RelationalEventId.ConnectionOpening[20000] (Microsoft.EntityFrameworkCore.Database.Connection) 
      Opening connection to database 'master' on server '127.0.0.1,1433'.
dbug: 2023/4/18 15:06:53.115 RelationalEventId.ConnectionOpened[20001] (Microsoft.EntityFrameworkCore.Database.Connection) 
      Opened connection to database 'master' on server '127.0.0.1,1433'.
dbug: 2023/4/18 15:06:53.115 RelationalEventId.CommandExecuting[20100] (Microsoft.EntityFrameworkCore.Database.Command) 
      Executing DbCommand [Parameters=[], CommandType='Text', CommandTimeout='30']
      SELECT [MigrationId], [ProductVersion]
      FROM [__EFMigrationsHistory]
      ORDER BY [MigrationId];
info: 2023/4/18 15:06:53.119 RelationalEventId.CommandExecuted[20101] (Microsoft.EntityFrameworkCore.Database.Command) 
      Executed DbCommand (4ms) [Parameters=[], CommandType='Text', CommandTimeout='30']
      SELECT [MigrationId], [ProductVersion]
      FROM [__EFMigrationsHistory]
      ORDER BY [MigrationId];
dbug: 2023/4/18 15:06:53.120 RelationalEventId.DataReaderClosing[20301] (Microsoft.EntityFrameworkCore.Database.Command) 
      Closing data reader to 'master' on server '127.0.0.1,1433'.
dbug: 2023/4/18 15:06:53.120 RelationalEventId.DataReaderDisposing[20300] (Microsoft.EntityFrameworkCore.Database.Command) 
      A data reader for 'master' on server '127.0.0.1,1433' is being disposed after spending 0ms reading results.
dbug: 2023/4/18 15:06:53.120 RelationalEventId.ConnectionClosing[20002] (Microsoft.EntityFrameworkCore.Database.Connection) 
      Closing connection to database 'master' on server '127.0.0.1,1433'.
dbug: 2023/4/18 15:06:53.120 RelationalEventId.ConnectionClosed[20003] (Microsoft.EntityFrameworkCore.Database.Connection) 
      Closed connection to database 'master' on server '127.0.0.1,1433' (0ms).
info: 2023/4/18 15:06:53.124 RelationalEventId.MigrationApplying[20402] (Microsoft.EntityFrameworkCore.Migrations) 
      Applying migration '20230418062919_IntialCreate'.
dbug: 2023/4/18 15:06:53.136 RelationalEventId.ConnectionOpening[20000] (Microsoft.EntityFrameworkCore.Database.Connection) 
      Opening connection to database 'master' on server '127.0.0.1,1433'.
dbug: 2023/4/18 15:06:53.136 RelationalEventId.ConnectionOpened[20001] (Microsoft.EntityFrameworkCore.Database.Connection) 
      Opened connection to database 'master' on server '127.0.0.1,1433'.
dbug: 2023/4/18 15:06:53.137 RelationalEventId.TransactionStarting[20209] (Microsoft.EntityFrameworkCore.Database.Transaction) 
      Beginning transaction with isolation level 'Unspecified'.
dbug: 2023/4/18 15:06:53.143 RelationalEventId.TransactionStarted[20200] (Microsoft.EntityFrameworkCore.Database.Transaction) 
      Began transaction with isolation level 'ReadCommitted'.
dbug: 2023/4/18 15:06:53.144 RelationalEventId.CommandCreating[20103] (Microsoft.EntityFrameworkCore.Database.Command) 
      Creating DbCommand for 'ExecuteNonQuery'.
dbug: 2023/4/18 15:06:53.144 RelationalEventId.CommandCreated[20104] (Microsoft.EntityFrameworkCore.Database.Command) 
      Created DbCommand for 'ExecuteNonQuery' (0ms).
dbug: 2023/4/18 15:06:53.144 RelationalEventId.CommandInitialized[20106] (Microsoft.EntityFrameworkCore.Database.Command) 
      Initialized DbCommand for 'ExecuteNonQuery' (0ms).
dbug: 2023/4/18 15:06:53.144 RelationalEventId.CommandExecuting[20100] (Microsoft.EntityFrameworkCore.Database.Command) 
      Executing DbCommand [Parameters=[], CommandType='Text', CommandTimeout='30']
      CREATE TABLE [Albums] (
          [Id] int NOT NULL IDENTITY,
          [Name] nvarchar(450) NOT NULL,
          [CreatedDate] datetime2 NOT NULL,
          [UpdatedDate] datetime2 NOT NULL,
          CONSTRAINT [PK_Albums] PRIMARY KEY ([Id])
      );
info: 2023/4/18 15:06:53.154 RelationalEventId.CommandExecuted[20101] (Microsoft.EntityFrameworkCore.Database.Command) 
      Executed DbCommand (10ms) [Parameters=[], CommandType='Text', CommandTimeout='30']
      CREATE TABLE [Albums] (
          [Id] int NOT NULL IDENTITY,
          [Name] nvarchar(450) NOT NULL,
          [CreatedDate] datetime2 NOT NULL,
          [UpdatedDate] datetime2 NOT NULL,
          CONSTRAINT [PK_Albums] PRIMARY KEY ([Id])
      );
dbug: 2023/4/18 15:06:53.154 RelationalEventId.CommandCreating[20103] (Microsoft.EntityFrameworkCore.Database.Command) 
      Creating DbCommand for 'ExecuteNonQuery'.
dbug: 2023/4/18 15:06:53.154 RelationalEventId.CommandCreated[20104] (Microsoft.EntityFrameworkCore.Database.Command) 
      Created DbCommand for 'ExecuteNonQuery' (0ms).
dbug: 2023/4/18 15:06:53.154 RelationalEventId.CommandInitialized[20106] (Microsoft.EntityFrameworkCore.Database.Command) 
      Initialized DbCommand for 'ExecuteNonQuery' (0ms).
dbug: 2023/4/18 15:06:53.154 RelationalEventId.CommandExecuting[20100] (Microsoft.EntityFrameworkCore.Database.Command) 
      Executing DbCommand [Parameters=[], CommandType='Text', CommandTimeout='30']
      CREATE TABLE [Articles] (
          [Id] int NOT NULL IDENTITY,
          [Title] nvarchar(max) NOT NULL,
          [Content] nvarchar(max) NOT NULL,
          [Category] nvarchar(max) NULL,
          [CreatedDate] datetime2 NOT NULL,
          [UpdatedDate] datetime2 NOT NULL,
          CONSTRAINT [PK_Articles] PRIMARY KEY ([Id])
      );
info: 2023/4/18 15:06:53.157 RelationalEventId.CommandExecuted[20101] (Microsoft.EntityFrameworkCore.Database.Command) 
      Executed DbCommand (3ms) [Parameters=[], CommandType='Text', CommandTimeout='30']
      CREATE TABLE [Articles] (
          [Id] int NOT NULL IDENTITY,
          [Title] nvarchar(max) NOT NULL,
          [Content] nvarchar(max) NOT NULL,
          [Category] nvarchar(max) NULL,
          [CreatedDate] datetime2 NOT NULL,
          [UpdatedDate] datetime2 NOT NULL,
          CONSTRAINT [PK_Articles] PRIMARY KEY ([Id])
      );
dbug: 2023/4/18 15:06:53.157 RelationalEventId.CommandCreating[20103] (Microsoft.EntityFrameworkCore.Database.Command) 
      Creating DbCommand for 'ExecuteNonQuery'.
dbug: 2023/4/18 15:06:53.157 RelationalEventId.CommandCreated[20104] (Microsoft.EntityFrameworkCore.Database.Command) 
      Created DbCommand for 'ExecuteNonQuery' (0ms).
dbug: 2023/4/18 15:06:53.157 RelationalEventId.CommandInitialized[20106] (Microsoft.EntityFrameworkCore.Database.Command) 
      Initialized DbCommand for 'ExecuteNonQuery' (0ms).
dbug: 2023/4/18 15:06:53.157 RelationalEventId.CommandExecuting[20100] (Microsoft.EntityFrameworkCore.Database.Command) 
      Executing DbCommand [Parameters=[], CommandType='Text', CommandTimeout='30']
      CREATE TABLE [Comments] (
          [Id] int NOT NULL IDENTITY,
          [Name] nvarchar(max) NOT NULL,
          [Contact] nvarchar(max) NULL,
          [Content] nvarchar(max) NOT NULL,
          [CreatedDate] datetime2 NOT NULL,
          CONSTRAINT [PK_Comments] PRIMARY KEY ([Id])
      );
info: 2023/4/18 15:06:53.160 RelationalEventId.CommandExecuted[20101] (Microsoft.EntityFrameworkCore.Database.Command) 
      Executed DbCommand (3ms) [Parameters=[], CommandType='Text', CommandTimeout='30']
      CREATE TABLE [Comments] (
          [Id] int NOT NULL IDENTITY,
          [Name] nvarchar(max) NOT NULL,
          [Contact] nvarchar(max) NULL,
          [Content] nvarchar(max) NOT NULL,
          [CreatedDate] datetime2 NOT NULL,
          CONSTRAINT [PK_Comments] PRIMARY KEY ([Id])
      );
dbug: 2023/4/18 15:06:53.160 RelationalEventId.CommandCreating[20103] (Microsoft.EntityFrameworkCore.Database.Command) 
      Creating DbCommand for 'ExecuteNonQuery'.
dbug: 2023/4/18 15:06:53.160 RelationalEventId.CommandCreated[20104] (Microsoft.EntityFrameworkCore.Database.Command) 
      Created DbCommand for 'ExecuteNonQuery' (0ms).
dbug: 2023/4/18 15:06:53.160 RelationalEventId.CommandInitialized[20106] (Microsoft.EntityFrameworkCore.Database.Command) 
      Initialized DbCommand for 'ExecuteNonQuery' (0ms).
dbug: 2023/4/18 15:06:53.160 RelationalEventId.CommandExecuting[20100] (Microsoft.EntityFrameworkCore.Database.Command) 
      Executing DbCommand [Parameters=[], CommandType='Text', CommandTimeout='30']
      CREATE TABLE [Pictures] (
          [Id] int NOT NULL IDENTITY,
          [PictureRoute] nvarchar(max) NOT NULL,
          [AlbumId] int NOT NULL,
          [Name] nvarchar(max) NULL,
          [Description] nvarchar(max) NULL,
          [CreatedDate] datetime2 NOT NULL,
          [UpdatedDate] datetime2 NOT NULL,
          CONSTRAINT [PK_Pictures] PRIMARY KEY ([Id]),
          CONSTRAINT [FK_Pictures_Albums_AlbumId] FOREIGN KEY ([AlbumId]) REFERENCES [Albums] ([Id]) ON DELETE CASCADE
      );
info: 2023/4/18 15:06:53.163 RelationalEventId.CommandExecuted[20101] (Microsoft.EntityFrameworkCore.Database.Command) 
      Executed DbCommand (3ms) [Parameters=[], CommandType='Text', CommandTimeout='30']
      CREATE TABLE [Pictures] (
          [Id] int NOT NULL IDENTITY,
          [PictureRoute] nvarchar(max) NOT NULL,
          [AlbumId] int NOT NULL,
          [Name] nvarchar(max) NULL,
          [Description] nvarchar(max) NULL,
          [CreatedDate] datetime2 NOT NULL,
          [UpdatedDate] datetime2 NOT NULL,
          CONSTRAINT [PK_Pictures] PRIMARY KEY ([Id]),
          CONSTRAINT [FK_Pictures_Albums_AlbumId] FOREIGN KEY ([AlbumId]) REFERENCES [Albums] ([Id]) ON DELETE CASCADE
      );
dbug: 2023/4/18 15:06:53.163 RelationalEventId.CommandCreating[20103] (Microsoft.EntityFrameworkCore.Database.Command) 
      Creating DbCommand for 'ExecuteNonQuery'.
dbug: 2023/4/18 15:06:53.163 RelationalEventId.CommandCreated[20104] (Microsoft.EntityFrameworkCore.Database.Command) 
      Created DbCommand for 'ExecuteNonQuery' (0ms).
dbug: 2023/4/18 15:06:53.163 RelationalEventId.CommandInitialized[20106] (Microsoft.EntityFrameworkCore.Database.Command) 
      Initialized DbCommand for 'ExecuteNonQuery' (0ms).
dbug: 2023/4/18 15:06:53.163 RelationalEventId.CommandExecuting[20100] (Microsoft.EntityFrameworkCore.Database.Command) 
      Executing DbCommand [Parameters=[], CommandType='Text', CommandTimeout='30']
      CREATE UNIQUE INDEX [IX_Albums_Name] ON [Albums] ([Name]);
info: 2023/4/18 15:06:53.165 RelationalEventId.CommandExecuted[20101] (Microsoft.EntityFrameworkCore.Database.Command) 
      Executed DbCommand (2ms) [Parameters=[], CommandType='Text', CommandTimeout='30']
      CREATE UNIQUE INDEX [IX_Albums_Name] ON [Albums] ([Name]);
dbug: 2023/4/18 15:06:53.165 RelationalEventId.CommandCreating[20103] (Microsoft.EntityFrameworkCore.Database.Command) 
      Creating DbCommand for 'ExecuteNonQuery'.
dbug: 2023/4/18 15:06:53.165 RelationalEventId.CommandCreated[20104] (Microsoft.EntityFrameworkCore.Database.Command) 
      Created DbCommand for 'ExecuteNonQuery' (0ms).
dbug: 2023/4/18 15:06:53.165 RelationalEventId.CommandInitialized[20106] (Microsoft.EntityFrameworkCore.Database.Command) 
      Initialized DbCommand for 'ExecuteNonQuery' (0ms).
dbug: 2023/4/18 15:06:53.165 RelationalEventId.CommandExecuting[20100] (Microsoft.EntityFrameworkCore.Database.Command) 
      Executing DbCommand [Parameters=[], CommandType='Text', CommandTimeout='30']
      CREATE INDEX [IX_Pictures_AlbumId] ON [Pictures] ([AlbumId]);
info: 2023/4/18 15:06:53.167 RelationalEventId.CommandExecuted[20101] (Microsoft.EntityFrameworkCore.Database.Command) 
      Executed DbCommand (2ms) [Parameters=[], CommandType='Text', CommandTimeout='30']
      CREATE INDEX [IX_Pictures_AlbumId] ON [Pictures] ([AlbumId]);
dbug: 2023/4/18 15:06:53.167 RelationalEventId.CommandCreating[20103] (Microsoft.EntityFrameworkCore.Database.Command) 
      Creating DbCommand for 'ExecuteNonQuery'.
dbug: 2023/4/18 15:06:53.167 RelationalEventId.CommandCreated[20104] (Microsoft.EntityFrameworkCore.Database.Command) 
      Created DbCommand for 'ExecuteNonQuery' (0ms).
dbug: 2023/4/18 15:06:53.167 RelationalEventId.CommandInitialized[20106] (Microsoft.EntityFrameworkCore.Database.Command) 
      Initialized DbCommand for 'ExecuteNonQuery' (0ms).
dbug: 2023/4/18 15:06:53.167 RelationalEventId.CommandExecuting[20100] (Microsoft.EntityFrameworkCore.Database.Command) 
      Executing DbCommand [Parameters=[], CommandType='Text', CommandTimeout='30']
      INSERT INTO [__EFMigrationsHistory] ([MigrationId], [ProductVersion])
      VALUES (N'20230418062919_IntialCreate', N'8.0.0-preview.3.23174.2');
info: 2023/4/18 15:06:53.171 RelationalEventId.CommandExecuted[20101] (Microsoft.EntityFrameworkCore.Database.Command) 
      Executed DbCommand (4ms) [Parameters=[], CommandType='Text', CommandTimeout='30']
      INSERT INTO [__EFMigrationsHistory] ([MigrationId], [ProductVersion])
      VALUES (N'20230418062919_IntialCreate', N'8.0.0-preview.3.23174.2');
dbug: 2023/4/18 15:06:53.172 RelationalEventId.TransactionCommitting[20210] (Microsoft.EntityFrameworkCore.Database.Transaction) 
      Committing transaction.
dbug: 2023/4/18 15:06:53.177 RelationalEventId.TransactionCommitted[20202] (Microsoft.EntityFrameworkCore.Database.Transaction) 
      Committed transaction.
dbug: 2023/4/18 15:06:53.177 RelationalEventId.TransactionDisposed[20204] (Microsoft.EntityFrameworkCore.Database.Transaction) 
      Disposing transaction.
dbug: 2023/4/18 15:06:53.177 RelationalEventId.ConnectionClosing[20002] (Microsoft.EntityFrameworkCore.Database.Connection) 
      Closing connection to database 'master' on server '127.0.0.1,1433'.
dbug: 2023/4/18 15:06:53.177 RelationalEventId.ConnectionClosed[20003] (Microsoft.EntityFrameworkCore.Database.Connection) 
      Closed connection to database 'master' on server '127.0.0.1,1433' (0ms).
dbug: 2023/4/18 15:06:53.178 CoreEventId.ContextDisposed[10407] (Microsoft.EntityFrameworkCore.Infrastructure) 
      'BlogDbContext' disposed.
dbug: 2023/4/18 15:06:53.178 RelationalEventId.ConnectionDisposing[20007] (Microsoft.EntityFrameworkCore.Database.Connection) 
      Disposing connection to database 'master' on server '127.0.0.1,1433'.
dbug: 2023/4/18 15:06:53.179 RelationalEventId.ConnectionDisposed[20008] (Microsoft.EntityFrameworkCore.Database.Connection) 
      Disposed connection to database '' on server '' (0ms).
